2025-04-06 14:05:51,590 - simple_app - INFO - åº”ç”¨å¯åŠ¨äºç”Ÿäº§æ¨¡å¼
2025-04-06 14:05:51,598 - simple_app - INFO - åº”ç”¨å¯åŠ¨äºç”Ÿäº§æ¨¡å¼
2025-04-06 14:05:51,636 - simple_app - INFO - åº”ç”¨å¯åŠ¨äºç”Ÿäº§æ¨¡å¼
2025-04-06 14:05:51,741 - simple_app - INFO - åº”ç”¨å¯åŠ¨äºç”Ÿäº§æ¨¡å¼
2025-04-07 14:17:46,652 - simple_app - INFO - Ó¦ÓÃÆô¶¯ÓÚÉú²úÄ£Ê½
2025-04-07 14:21:48,799 - simple_app - INFO - Ó¦ÓÃÆô¶¯ÓÚÉú²úÄ£Ê½
2025-04-07 14:29:51,496 - simple_app - INFO - Ó¦ÓÃÆô¶¯ÓÚÉú²úÄ£Ê½
2025-04-07 14:34:07,836 - simple_app - INFO - Ó¦ÓÃÆô¶¯ÓÚÉú²úÄ£Ê½
2025-04-07 14:37:25,854 - simple_app - INFO - Ó¦ÓÃÆô¶¯ÓÚÉú²úÄ£Ê½
2025-04-07 14:43:49,365 - simple_app - INFO - Ó¦ÓÃÆô¶¯ÓÚÉú²úÄ£Ê½
2025-04-07 14:56:56,390 - simple_app - INFO - Ó¦ÓÃÆô¶¯ÓÚÉú²úÄ£Ê½
2025-04-07 14:57:25,736 - simple_app - INFO - Ó¦ÓÃÆô¶¯ÓÚÉú²úÄ£Ê½
2025-04-07 15:20:05,110 - simple_app - INFO - Ó¦ÓÃÆô¶¯ÓÚÉú²úÄ£Ê½
2025-04-07 15:24:24,798 - simple_app - INFO - Ó¦ÓÃÆô¶¯ÓÚÉú²úÄ£Ê½
2025-04-07 15:32:14,965 - simple_app - INFO - Ó¦ÓÃÆô¶¯ÓÚÉú²úÄ£Ê½
2025-04-07 15:37:23,874 - simple_app - INFO - Ó¦ÓÃÆô¶¯ÓÚÉú²úÄ£Ê½
2025-04-07 15:39:55,861 - simple_app - INFO - Ó¦ÓÃÆô¶¯ÓÚÉú²úÄ£Ê½
2025-04-07 15:46:40,520 - simple_app - INFO - Ó¦ÓÃÆô¶¯ÓÚÉú²úÄ£Ê½
2025-04-07 16:11:11,820 - simple_app - INFO - Ó¦ÓÃÆô¶¯ÓÚÉú²úÄ£Ê½
2025-04-07 16:19:51,190 - simple_app - INFO - Ó¦ÓÃÆô¶¯ÓÚÉú²úÄ£Ê½
2025-04-07 16:26:00,008 - simple_app - INFO - Ó¦ÓÃÆô¶¯ÓÚÉú²úÄ£Ê½
2025-04-07 16:35:54,013 - simple_app - INFO - Ó¦ÓÃÆô¶¯ÓÚÉú²úÄ£Ê½
2025-04-07 16:43:18,929 - simple_app - INFO - Ó¦ÓÃÆô¶¯ÓÚÉú²úÄ£Ê½
2025-04-07 09:34:36,345 - simple_app - INFO - åº”ç”¨å¯åŠ¨äºç”Ÿäº§æ¨¡å¼
2025-04-07 09:34:36,628 - simple_app - INFO - åº”ç”¨å¯åŠ¨äºç”Ÿäº§æ¨¡å¼
2025-04-07 09:34:36,781 - simple_app - INFO - åº”ç”¨å¯åŠ¨äºç”Ÿäº§æ¨¡å¼
2025-04-07 09:34:36,854 - simple_app - INFO - åº”ç”¨å¯åŠ¨äºç”Ÿäº§æ¨¡å¼
2025-04-10 01:25:53,942 - simple_app - INFO - åº”ç”¨å¯åŠ¨äºç”Ÿäº§æ¨¡å¼
2025-04-10 01:25:54,446 - simple_app - INFO - åº”ç”¨å¯åŠ¨äºç”Ÿäº§æ¨¡å¼
2025-04-10 01:25:55,518 - simple_app - INFO - åº”ç”¨å¯åŠ¨äºç”Ÿäº§æ¨¡å¼
2025-04-10 01:25:56,112 - simple_app - INFO - åº”ç”¨å¯åŠ¨äºç”Ÿäº§æ¨¡å¼
2025-05-17 09:49:52,602 - simple_app - INFO - åº”ç”¨å¯åŠ¨äºç”Ÿäº§æ¨¡å¼
2025-05-17 09:49:52,659 - simple_app - INFO - åº”ç”¨å¯åŠ¨äºç”Ÿäº§æ¨¡å¼
2025-05-17 09:49:52,683 - simple_app - INFO - åº”ç”¨å¯åŠ¨äºç”Ÿäº§æ¨¡å¼
2025-05-17 09:49:52,736 - simple_app - INFO - åº”ç”¨å¯åŠ¨äºç”Ÿäº§æ¨¡å¼
2025-05-24 16:52:44,240 - simple_app - INFO - Ó¦ÓÃÆô¶¯ÓÚÉú²úÄ£Ê½
2025-05-24 16:56:11,183 - simple_app - INFO - Ó¦ÓÃÆô¶¯ÓÚÉú²úÄ£Ê½
2025-05-24 16:58:15,734 - simple_app - INFO - Ó¦ÓÃÆô¶¯ÓÚÉú²úÄ£Ê½
2025-05-24 17:02:03,827 - simple_app - INFO - Ó¦ÓÃÆô¶¯ÓÚÉú²úÄ£Ê½
2025-05-24 17:02:06,441 - simple_app - ERROR - Exception on /prompts/all [GET]
Traceback (most recent call last):
  File "D:\Python\Lib\site-packages\flask\app.py", line 2190, in wsgi_app
    response = self.full_dispatch_request()
               ^^^^^^^^^^^^^^^^^^^^^^^^^^^^
  File "D:\Python\Lib\site-packages\flask\app.py", line 1486, in full_dispatch_request
    rv = self.handle_user_exception(e)
         ^^^^^^^^^^^^^^^^^^^^^^^^^^^^^
  File "D:\Python\Lib\site-packages\flask\app.py", line 1484, in full_dispatch_request
    rv = self.dispatch_request()
         ^^^^^^^^^^^^^^^^^^^^^^^
  File "D:\Python\Lib\site-packages\flask\app.py", line 1469, in dispatch_request
    return self.ensure_sync(self.view_functions[rule.endpoint])(**view_args)
           ^^^^^^^^^^^^^^^^^^^^^^^^^^^^^^^^^^^^^^^^^^^^^^^^^^^^^^^^^^^^^^^^^
  File "G:\¿ª·¢\prompt-manager-main\simple_app.py", line 1297, in all_prompts
    return render_template(
           ^^^^^^^^^^^^^^^^
  File "D:\Python\Lib\site-packages\flask\templating.py", line 150, in render_template
    template = app.jinja_env.get_or_select_template(template_name_or_list)
               ^^^^^^^^^^^^^^^^^^^^^^^^^^^^^^^^^^^^^^^^^^^^^^^^^^^^^^^^^^^
  File "D:\Python\Lib\site-packages\jinja2\environment.py", line 1084, in get_or_select_template
    return self.get_template(template_name_or_list, parent, globals)
           ^^^^^^^^^^^^^^^^^^^^^^^^^^^^^^^^^^^^^^^^^^^^^^^^^^^^^^^^^
  File "D:\Python\Lib\site-packages\jinja2\environment.py", line 1013, in get_template
    return self._load_template(name, globals)
           ^^^^^^^^^^^^^^^^^^^^^^^^^^^^^^^^^^
  File "D:\Python\Lib\site-packages\jinja2\environment.py", line 972, in _load_template
    template = self.loader.load(self, name, self.make_globals(globals))
               ^^^^^^^^^^^^^^^^^^^^^^^^^^^^^^^^^^^^^^^^^^^^^^^^^^^^^^^^
  File "D:\Python\Lib\site-packages\jinja2\loaders.py", line 138, in load
    code = environment.compile(source, name, filename)
           ^^^^^^^^^^^^^^^^^^^^^^^^^^^^^^^^^^^^^^^^^^^
  File "D:\Python\Lib\site-packages\jinja2\environment.py", line 768, in compile
    self.handle_exception(source=source_hint)
  File "D:\Python\Lib\site-packages\jinja2\environment.py", line 939, in handle_exception
    raise rewrite_traceback_stack(source=source)
  File "G:\¿ª·¢\prompt-manager-main\templates\prompts\all.html", line 549, in template
    {% endblock %}
jinja2.exceptions.TemplateSyntaxError: Encountered unknown tag 'endblock'. You probably made a nesting mistake. Jinja is expecting this tag, but currently looking for 'elif' or 'else' or 'endif'. The innermost block that needs to be closed is 'if'.
2025-05-24 17:02:09,069 - simple_app - ERROR - Exception on /prompts/all [GET]
Traceback (most recent call last):
  File "D:\Python\Lib\site-packages\flask\app.py", line 2190, in wsgi_app
    response = self.full_dispatch_request()
               ^^^^^^^^^^^^^^^^^^^^^^^^^^^^
  File "D:\Python\Lib\site-packages\flask\app.py", line 1486, in full_dispatch_request
    rv = self.handle_user_exception(e)
         ^^^^^^^^^^^^^^^^^^^^^^^^^^^^^
  File "D:\Python\Lib\site-packages\flask\app.py", line 1484, in full_dispatch_request
    rv = self.dispatch_request()
         ^^^^^^^^^^^^^^^^^^^^^^^
  File "D:\Python\Lib\site-packages\flask\app.py", line 1469, in dispatch_request
    return self.ensure_sync(self.view_functions[rule.endpoint])(**view_args)
           ^^^^^^^^^^^^^^^^^^^^^^^^^^^^^^^^^^^^^^^^^^^^^^^^^^^^^^^^^^^^^^^^^
  File "G:\¿ª·¢\prompt-manager-main\simple_app.py", line 1297, in all_prompts
    return render_template(
           ^^^^^^^^^^^^^^^^
  File "D:\Python\Lib\site-packages\flask\templating.py", line 150, in render_template
    template = app.jinja_env.get_or_select_template(template_name_or_list)
               ^^^^^^^^^^^^^^^^^^^^^^^^^^^^^^^^^^^^^^^^^^^^^^^^^^^^^^^^^^^
  File "D:\Python\Lib\site-packages\jinja2\environment.py", line 1084, in get_or_select_template
    return self.get_template(template_name_or_list, parent, globals)
           ^^^^^^^^^^^^^^^^^^^^^^^^^^^^^^^^^^^^^^^^^^^^^^^^^^^^^^^^^
  File "D:\Python\Lib\site-packages\jinja2\environment.py", line 1013, in get_template
    return self._load_template(name, globals)
           ^^^^^^^^^^^^^^^^^^^^^^^^^^^^^^^^^^
  File "D:\Python\Lib\site-packages\jinja2\environment.py", line 972, in _load_template
    template = self.loader.load(self, name, self.make_globals(globals))
               ^^^^^^^^^^^^^^^^^^^^^^^^^^^^^^^^^^^^^^^^^^^^^^^^^^^^^^^^
  File "D:\Python\Lib\site-packages\jinja2\loaders.py", line 138, in load
    code = environment.compile(source, name, filename)
           ^^^^^^^^^^^^^^^^^^^^^^^^^^^^^^^^^^^^^^^^^^^
  File "D:\Python\Lib\site-packages\jinja2\environment.py", line 768, in compile
    self.handle_exception(source=source_hint)
  File "D:\Python\Lib\site-packages\jinja2\environment.py", line 939, in handle_exception
    raise rewrite_traceback_stack(source=source)
  File "G:\¿ª·¢\prompt-manager-main\templates\prompts\all.html", line 549, in template
    {% endblock %}
jinja2.exceptions.TemplateSyntaxError: Encountered unknown tag 'endblock'. You probably made a nesting mistake. Jinja is expecting this tag, but currently looking for 'elif' or 'else' or 'endif'. The innermost block that needs to be closed is 'if'.
2025-05-24 17:02:09,341 - simple_app - ERROR - Exception on /prompts/all [GET]
Traceback (most recent call last):
  File "D:\Python\Lib\site-packages\flask\app.py", line 2190, in wsgi_app
    response = self.full_dispatch_request()
               ^^^^^^^^^^^^^^^^^^^^^^^^^^^^
  File "D:\Python\Lib\site-packages\flask\app.py", line 1486, in full_dispatch_request
    rv = self.handle_user_exception(e)
         ^^^^^^^^^^^^^^^^^^^^^^^^^^^^^
  File "D:\Python\Lib\site-packages\flask\app.py", line 1484, in full_dispatch_request
    rv = self.dispatch_request()
         ^^^^^^^^^^^^^^^^^^^^^^^
  File "D:\Python\Lib\site-packages\flask\app.py", line 1469, in dispatch_request
    return self.ensure_sync(self.view_functions[rule.endpoint])(**view_args)
           ^^^^^^^^^^^^^^^^^^^^^^^^^^^^^^^^^^^^^^^^^^^^^^^^^^^^^^^^^^^^^^^^^
  File "G:\¿ª·¢\prompt-manager-main\simple_app.py", line 1297, in all_prompts
    return render_template(
           ^^^^^^^^^^^^^^^^
  File "D:\Python\Lib\site-packages\flask\templating.py", line 150, in render_template
    template = app.jinja_env.get_or_select_template(template_name_or_list)
               ^^^^^^^^^^^^^^^^^^^^^^^^^^^^^^^^^^^^^^^^^^^^^^^^^^^^^^^^^^^
  File "D:\Python\Lib\site-packages\jinja2\environment.py", line 1084, in get_or_select_template
    return self.get_template(template_name_or_list, parent, globals)
           ^^^^^^^^^^^^^^^^^^^^^^^^^^^^^^^^^^^^^^^^^^^^^^^^^^^^^^^^^
  File "D:\Python\Lib\site-packages\jinja2\environment.py", line 1013, in get_template
    return self._load_template(name, globals)
           ^^^^^^^^^^^^^^^^^^^^^^^^^^^^^^^^^^
  File "D:\Python\Lib\site-packages\jinja2\environment.py", line 972, in _load_template
    template = self.loader.load(self, name, self.make_globals(globals))
               ^^^^^^^^^^^^^^^^^^^^^^^^^^^^^^^^^^^^^^^^^^^^^^^^^^^^^^^^
  File "D:\Python\Lib\site-packages\jinja2\loaders.py", line 138, in load
    code = environment.compile(source, name, filename)
           ^^^^^^^^^^^^^^^^^^^^^^^^^^^^^^^^^^^^^^^^^^^
  File "D:\Python\Lib\site-packages\jinja2\environment.py", line 768, in compile
    self.handle_exception(source=source_hint)
  File "D:\Python\Lib\site-packages\jinja2\environment.py", line 939, in handle_exception
    raise rewrite_traceback_stack(source=source)
  File "G:\¿ª·¢\prompt-manager-main\templates\prompts\all.html", line 549, in template
    {% endblock %}
jinja2.exceptions.TemplateSyntaxError: Encountered unknown tag 'endblock'. You probably made a nesting mistake. Jinja is expecting this tag, but currently looking for 'elif' or 'else' or 'endif'. The innermost block that needs to be closed is 'if'.
2025-05-24 17:15:16,264 - simple_app - INFO - Ó¦ÓÃÆô¶¯ÓÚÉú²úÄ£Ê½
2025-05-24 17:19:01,827 - simple_app - INFO - Ó¦ÓÃÆô¶¯ÓÚÉú²úÄ£Ê½
2025-05-24 17:28:01,350 - simple_app - INFO - Ó¦ÓÃÆô¶¯ÓÚÉú²úÄ£Ê½
2025-05-24 17:35:08,109 - simple_app - INFO - Ó¦ÓÃÆô¶¯ÓÚÉú²úÄ£Ê½
2025-05-24 18:24:59,307 - simple_app - INFO - Ó¦ÓÃÆô¶¯ÓÚÉú²úÄ£Ê½
2025-05-24 18:39:43,765 - simple_app - INFO - Ó¦ÓÃÆô¶¯ÓÚÉú²úÄ£Ê½
2025-05-24 22:02:35,500 - simple_app - INFO - Ó¦ÓÃÆô¶¯ÓÚÉú²úÄ£Ê½
2025-09-14 15:34:39,633 - simple_app - INFO - Ó¦ÓÃÆô¶¯ÓÚÉú²úÄ£Ê½
2025-09-14 15:37:11,318 - simple_app - INFO - Ó¦ÓÃÆô¶¯ÓÚÉú²úÄ£Ê½
2025-09-14 15:42:21,115 - simple_app - INFO - Ó¦ÓÃÆô¶¯ÓÚÉú²úÄ£Ê½
2025-09-14 15:50:42,758 - simple_app - INFO - Ó¦ÓÃÆô¶¯ÓÚÉú²úÄ£Ê½
2025-09-14 15:51:45,492 - simple_app - INFO - Ó¦ÓÃÆô¶¯ÓÚÉú²úÄ£Ê½
2025-09-14 15:57:23,177 - simple_app - INFO - Ó¦ÓÃÆô¶¯ÓÚÉú²úÄ£Ê½
2025-09-14 15:58:09,427 - simple_app - INFO - Ó¦ÓÃÆô¶¯ÓÚÉú²úÄ£Ê½
2025-09-14 16:01:00,346 - simple_app - INFO - Ó¦ÓÃÆô¶¯ÓÚÉú²úÄ£Ê½
2025-09-14 17:41:51,100 - simple_app - INFO - Ó¦ÓÃÆô¶¯ÓÚÉú²úÄ£Ê½
2025-09-14 17:42:12,848 - simple_app - INFO - Ó¦ÓÃÆô¶¯ÓÚÉú²úÄ£Ê½
2025-09-14 17:44:08,847 - simple_app - INFO - Ó¦ÓÃÆô¶¯ÓÚÉú²úÄ£Ê½
2025-09-14 17:46:41,220 - simple_app - INFO - Ó¦ÓÃÆô¶¯ÓÚÉú²úÄ£Ê½
2025-09-14 17:46:49,125 - simple_app - ERROR - Exception on /search [GET]
Traceback (most recent call last):
  File "D:\Python\Lib\site-packages\flask\app.py", line 2190, in wsgi_app
    response = self.full_dispatch_request()
               ^^^^^^^^^^^^^^^^^^^^^^^^^^^^
  File "D:\Python\Lib\site-packages\flask\app.py", line 1486, in full_dispatch_request
    rv = self.handle_user_exception(e)
         ^^^^^^^^^^^^^^^^^^^^^^^^^^^^^
  File "D:\Python\Lib\site-packages\flask\app.py", line 1484, in full_dispatch_request
    rv = self.dispatch_request()
         ^^^^^^^^^^^^^^^^^^^^^^^
  File "D:\Python\Lib\site-packages\flask\app.py", line 1469, in dispatch_request
    return self.ensure_sync(self.view_functions[rule.endpoint])(**view_args)
           ^^^^^^^^^^^^^^^^^^^^^^^^^^^^^^^^^^^^^^^^^^^^^^^^^^^^^^^^^^^^^^^^^
  File "F:\github\ÎÒµÄÏîÄ¿\prompt-manager\simple_app.py", line 944, in search
    return render_template('search.html', prompts=prompts, tags=tags, query=query, selected_tag=tag)
           ^^^^^^^^^^^^^^^^^^^^^^^^^^^^^^^^^^^^^^^^^^^^^^^^^^^^^^^^^^^^^^^^^^^^^^^^^^^^^^^^^^^^^^^^^
  File "D:\Python\Lib\site-packages\flask\templating.py", line 150, in render_template
    template = app.jinja_env.get_or_select_template(template_name_or_list)
               ^^^^^^^^^^^^^^^^^^^^^^^^^^^^^^^^^^^^^^^^^^^^^^^^^^^^^^^^^^^
  File "D:\Python\Lib\site-packages\jinja2\environment.py", line 1084, in get_or_select_template
    return self.get_template(template_name_or_list, parent, globals)
           ^^^^^^^^^^^^^^^^^^^^^^^^^^^^^^^^^^^^^^^^^^^^^^^^^^^^^^^^^
  File "D:\Python\Lib\site-packages\jinja2\environment.py", line 1013, in get_template
    return self._load_template(name, globals)
           ^^^^^^^^^^^^^^^^^^^^^^^^^^^^^^^^^^
  File "D:\Python\Lib\site-packages\jinja2\environment.py", line 972, in _load_template
    template = self.loader.load(self, name, self.make_globals(globals))
               ^^^^^^^^^^^^^^^^^^^^^^^^^^^^^^^^^^^^^^^^^^^^^^^^^^^^^^^^
  File "D:\Python\Lib\site-packages\jinja2\loaders.py", line 138, in load
    code = environment.compile(source, name, filename)
           ^^^^^^^^^^^^^^^^^^^^^^^^^^^^^^^^^^^^^^^^^^^
  File "D:\Python\Lib\site-packages\jinja2\environment.py", line 768, in compile
    self.handle_exception(source=source_hint)
  File "D:\Python\Lib\site-packages\jinja2\environment.py", line 939, in handle_exception
    raise rewrite_traceback_stack(source=source)
  File "F:\github\ÎÒµÄÏîÄ¿\prompt-manager\templates\search.html", line 237, in template
    {% endfor %}
jinja2.exceptions.TemplateSyntaxError: Encountered unknown tag 'endfor'. Jinja was looking for the following tags: 'endif'. The innermost block that needs to be closed is 'if'.
2025-09-14 17:46:53,589 - simple_app - ERROR - Exception on /search [GET]
Traceback (most recent call last):
  File "D:\Python\Lib\site-packages\flask\app.py", line 2190, in wsgi_app
    response = self.full_dispatch_request()
               ^^^^^^^^^^^^^^^^^^^^^^^^^^^^
  File "D:\Python\Lib\site-packages\flask\app.py", line 1486, in full_dispatch_request
    rv = self.handle_user_exception(e)
         ^^^^^^^^^^^^^^^^^^^^^^^^^^^^^
  File "D:\Python\Lib\site-packages\flask\app.py", line 1484, in full_dispatch_request
    rv = self.dispatch_request()
         ^^^^^^^^^^^^^^^^^^^^^^^
  File "D:\Python\Lib\site-packages\flask\app.py", line 1469, in dispatch_request
    return self.ensure_sync(self.view_functions[rule.endpoint])(**view_args)
           ^^^^^^^^^^^^^^^^^^^^^^^^^^^^^^^^^^^^^^^^^^^^^^^^^^^^^^^^^^^^^^^^^
  File "F:\github\ÎÒµÄÏîÄ¿\prompt-manager\simple_app.py", line 944, in search
    return render_template('search.html', prompts=prompts, tags=tags, query=query, selected_tag=tag)
           ^^^^^^^^^^^^^^^^^^^^^^^^^^^^^^^^^^^^^^^^^^^^^^^^^^^^^^^^^^^^^^^^^^^^^^^^^^^^^^^^^^^^^^^^^
  File "D:\Python\Lib\site-packages\flask\templating.py", line 150, in render_template
    template = app.jinja_env.get_or_select_template(template_name_or_list)
               ^^^^^^^^^^^^^^^^^^^^^^^^^^^^^^^^^^^^^^^^^^^^^^^^^^^^^^^^^^^
  File "D:\Python\Lib\site-packages\jinja2\environment.py", line 1084, in get_or_select_template
    return self.get_template(template_name_or_list, parent, globals)
           ^^^^^^^^^^^^^^^^^^^^^^^^^^^^^^^^^^^^^^^^^^^^^^^^^^^^^^^^^
  File "D:\Python\Lib\site-packages\jinja2\environment.py", line 1013, in get_template
    return self._load_template(name, globals)
           ^^^^^^^^^^^^^^^^^^^^^^^^^^^^^^^^^^
  File "D:\Python\Lib\site-packages\jinja2\environment.py", line 972, in _load_template
    template = self.loader.load(self, name, self.make_globals(globals))
               ^^^^^^^^^^^^^^^^^^^^^^^^^^^^^^^^^^^^^^^^^^^^^^^^^^^^^^^^
  File "D:\Python\Lib\site-packages\jinja2\loaders.py", line 138, in load
    code = environment.compile(source, name, filename)
           ^^^^^^^^^^^^^^^^^^^^^^^^^^^^^^^^^^^^^^^^^^^
  File "D:\Python\Lib\site-packages\jinja2\environment.py", line 768, in compile
    self.handle_exception(source=source_hint)
  File "D:\Python\Lib\site-packages\jinja2\environment.py", line 939, in handle_exception
    raise rewrite_traceback_stack(source=source)
  File "F:\github\ÎÒµÄÏîÄ¿\prompt-manager\templates\search.html", line 237, in template
    {% endfor %}
jinja2.exceptions.TemplateSyntaxError: Encountered unknown tag 'endfor'. Jinja was looking for the following tags: 'endif'. The innermost block that needs to be closed is 'if'.
2025-09-14 17:47:15,690 - simple_app - ERROR - Exception on /search [GET]
Traceback (most recent call last):
  File "D:\Python\Lib\site-packages\flask\app.py", line 2190, in wsgi_app
    response = self.full_dispatch_request()
               ^^^^^^^^^^^^^^^^^^^^^^^^^^^^
  File "D:\Python\Lib\site-packages\flask\app.py", line 1486, in full_dispatch_request
    rv = self.handle_user_exception(e)
         ^^^^^^^^^^^^^^^^^^^^^^^^^^^^^
  File "D:\Python\Lib\site-packages\flask\app.py", line 1484, in full_dispatch_request
    rv = self.dispatch_request()
         ^^^^^^^^^^^^^^^^^^^^^^^
  File "D:\Python\Lib\site-packages\flask\app.py", line 1469, in dispatch_request
    return self.ensure_sync(self.view_functions[rule.endpoint])(**view_args)
           ^^^^^^^^^^^^^^^^^^^^^^^^^^^^^^^^^^^^^^^^^^^^^^^^^^^^^^^^^^^^^^^^^
  File "F:\github\ÎÒµÄÏîÄ¿\prompt-manager\simple_app.py", line 944, in search
    return render_template('search.html', prompts=prompts, tags=tags, query=query, selected_tag=tag)
           ^^^^^^^^^^^^^^^^^^^^^^^^^^^^^^^^^^^^^^^^^^^^^^^^^^^^^^^^^^^^^^^^^^^^^^^^^^^^^^^^^^^^^^^^^
  File "D:\Python\Lib\site-packages\flask\templating.py", line 150, in render_template
    template = app.jinja_env.get_or_select_template(template_name_or_list)
               ^^^^^^^^^^^^^^^^^^^^^^^^^^^^^^^^^^^^^^^^^^^^^^^^^^^^^^^^^^^
  File "D:\Python\Lib\site-packages\jinja2\environment.py", line 1084, in get_or_select_template
    return self.get_template(template_name_or_list, parent, globals)
           ^^^^^^^^^^^^^^^^^^^^^^^^^^^^^^^^^^^^^^^^^^^^^^^^^^^^^^^^^
  File "D:\Python\Lib\site-packages\jinja2\environment.py", line 1013, in get_template
    return self._load_template(name, globals)
           ^^^^^^^^^^^^^^^^^^^^^^^^^^^^^^^^^^
  File "D:\Python\Lib\site-packages\jinja2\environment.py", line 972, in _load_template
    template = self.loader.load(self, name, self.make_globals(globals))
               ^^^^^^^^^^^^^^^^^^^^^^^^^^^^^^^^^^^^^^^^^^^^^^^^^^^^^^^^
  File "D:\Python\Lib\site-packages\jinja2\loaders.py", line 138, in load
    code = environment.compile(source, name, filename)
           ^^^^^^^^^^^^^^^^^^^^^^^^^^^^^^^^^^^^^^^^^^^
  File "D:\Python\Lib\site-packages\jinja2\environment.py", line 768, in compile
    self.handle_exception(source=source_hint)
  File "D:\Python\Lib\site-packages\jinja2\environment.py", line 939, in handle_exception
    raise rewrite_traceback_stack(source=source)
  File "F:\github\ÎÒµÄÏîÄ¿\prompt-manager\templates\search.html", line 237, in template
    {% endfor %}
jinja2.exceptions.TemplateSyntaxError: Encountered unknown tag 'endfor'. Jinja was looking for the following tags: 'endif'. The innermost block that needs to be closed is 'if'.
2025-09-14 17:48:57,096 - simple_app - INFO - Ó¦ÓÃÆô¶¯ÓÚÉú²úÄ£Ê½
2025-09-14 17:49:10,030 - simple_app - INFO - Ó¦ÓÃÆô¶¯ÓÚÉú²úÄ£Ê½
2025-09-14 17:52:48,050 - simple_app - INFO - Ó¦ÓÃÆô¶¯ÓÚÉú²úÄ£Ê½
2025-09-14 17:53:05,399 - simple_app - INFO - Ó¦ÓÃÆô¶¯ÓÚÉú²úÄ£Ê½
2025-09-14 17:54:08,998 - simple_app - INFO - Ó¦ÓÃÆô¶¯ÓÚÉú²úÄ£Ê½
2025-09-14 17:54:22,079 - simple_app - INFO - Ó¦ÓÃÆô¶¯ÓÚÉú²úÄ£Ê½
2025-09-14 18:04:31,420 - simple_app - INFO - Ó¦ÓÃÆô¶¯ÓÚÉú²úÄ£Ê½
2025-09-14 18:04:47,270 - simple_app - INFO - Ó¦ÓÃÆô¶¯ÓÚÉú²úÄ£Ê½
2025-09-14 18:13:04,228 - simple_app - INFO - Ó¦ÓÃÆô¶¯ÓÚÉú²úÄ£Ê½
2025-09-14 18:13:47,594 - simple_app - INFO - Ó¦ÓÃÆô¶¯ÓÚÉú²úÄ£Ê½
2025-09-14 18:18:46,883 - simple_app - INFO - Ó¦ÓÃÆô¶¯ÓÚÉú²úÄ£Ê½
2025-09-14 18:19:01,778 - simple_app - INFO - Ó¦ÓÃÆô¶¯ÓÚÉú²úÄ£Ê½
2025-09-14 18:21:27,871 - simple_app - INFO - Ó¦ÓÃÆô¶¯ÓÚÉú²úÄ£Ê½
2025-09-14 18:21:40,290 - simple_app - INFO - Ó¦ÓÃÆô¶¯ÓÚÉú²úÄ£Ê½
2025-09-14 18:26:02,509 - simple_app - INFO - Ó¦ÓÃÆô¶¯ÓÚÉú²úÄ£Ê½
2025-09-14 18:26:19,923 - simple_app - INFO - Ó¦ÓÃÆô¶¯ÓÚÉú²úÄ£Ê½
2025-09-14 18:29:23,302 - simple_app - INFO - Ó¦ÓÃÆô¶¯ÓÚÉú²úÄ£Ê½
2025-09-14 18:29:52,062 - simple_app - INFO - Ó¦ÓÃÆô¶¯ÓÚÉú²úÄ£Ê½
2025-09-14 18:32:22,741 - simple_app - INFO - Ó¦ÓÃÆô¶¯ÓÚÉú²úÄ£Ê½
2025-09-14 18:32:40,320 - simple_app - INFO - Ó¦ÓÃÆô¶¯ÓÚÉú²úÄ£Ê½
2025-09-14 18:34:59,765 - simple_app - INFO - Ó¦ÓÃÆô¶¯ÓÚÉú²úÄ£Ê½
2025-09-14 18:35:18,459 - simple_app - INFO - Ó¦ÓÃÆô¶¯ÓÚÉú²úÄ£Ê½
2025-09-14 18:38:12,128 - simple_app - INFO - Ó¦ÓÃÆô¶¯ÓÚÉú²úÄ£Ê½
2025-09-14 18:38:30,676 - simple_app - INFO - Ó¦ÓÃÆô¶¯ÓÚÉú²úÄ£Ê½
2025-09-14 18:45:39,261 - simple_app - INFO - Ó¦ÓÃÆô¶¯ÓÚÉú²úÄ£Ê½
2025-09-14 18:45:58,320 - simple_app - INFO - Ó¦ÓÃÆô¶¯ÓÚÉú²úÄ£Ê½
2025-09-14 18:49:42,359 - simple_app - INFO - Ó¦ÓÃÆô¶¯ÓÚÉú²úÄ£Ê½
2025-09-14 18:49:59,367 - simple_app - INFO - Ó¦ÓÃÆô¶¯ÓÚÉú²úÄ£Ê½
2025-09-14 18:53:34,182 - simple_app - INFO - Ó¦ÓÃÆô¶¯ÓÚÉú²úÄ£Ê½
2025-09-14 18:53:53,665 - simple_app - INFO - Ó¦ÓÃÆô¶¯ÓÚÉú²úÄ£Ê½
